<?xml version="1.0" encoding="UTF-8"?>
<testng-results skipped="0" failed="0" ignored="0" total="0" passed="0">
  <reporter-output>
  </reporter-output>
  <suite name="Project.First.AppTest" duration-ms="3" started-at="2018-11-29T09:25:02Z" finished-at="2018-11-29T09:25:02Z">
    <groups>
    </groups>
    <test name="Command line test" duration-ms="3" started-at="2018-11-29T09:25:02Z" finished-at="2018-11-29T09:25:02Z">
    </test> <!-- Command line test -->
  </suite> <!-- Project.First.AppTest -->
</testng-results>
